LittleNotes2/app/build/outputs/logs/manifest-merger-release-report.txt
-- Merging decision tree log ---
manifest
ADDED from src\main\AndroidManifest.xml:2:1-106:12
	package
		ADDED from src\main\AndroidManifest.xml:3:5-33
		INJECTED from src\main\AndroidManifest.xml
		INJECTED from src\main\AndroidManifest.xml
	android:versionName
		INJECTED from src\main\AndroidManifest.xml
		INJECTED from src\main\AndroidManifest.xml
	xmlns:android
		ADDED from src\main\AndroidManifest.xml:2:11-69
	android:versionCode
		INJECTED from src\main\AndroidManifest.xml
		INJECTED from src\main\AndroidManifest.xml
uses-permission#android.permission.WRITE_EXTERNAL_STORAGE
ADDED from src\main\AndroidManifest.xml:5:2-77
	android:name
		ADDED from src\main\AndroidManifest.xml:5:19-75
uses-permission#android.permission.READ_EXTERNAL_STORAGE
ADDED from src\main\AndroidManifest.xml:6:2-76
	android:name
		ADDED from src\main\AndroidManifest.xml:6:19-74
uses-permission#android.permission.INTERNET
ADDED from src\main\AndroidManifest.xml:7:2-64
	android:name
		ADDED from src\main\AndroidManifest.xml:7:19-61
uses-permission#android.permission.MOUNT_UNMOUNT_FILESYSTEMS
ADDED from src\main\AndroidManifest.xml:8:2-80
	android:name
		ADDED from src\main\AndroidManifest.xml:8:19-78
uses-permission#android.permission.SYSTEM_ALERT_WINDOW
ADDED from src\main\AndroidManifest.xml:10:2-74
	android:name
		ADDED from src\main\AndroidManifest.xml:10:19-72
uses-permission#android.permission.GET_TASKS
ADDED from src\main\AndroidManifest.xml:11:2-64
	android:name
		ADDED from src\main\AndroidManifest.xml:11:19-62
uses-permission#android.permission.ACCESS_NETWORK_STATE
ADDED from src\main\AndroidManifest.xml:13:2-75
	android:name
		ADDED from src\main\AndroidManifest.xml:13:19-73
uses-permission#android.permission.READ_PHONE_STATE
ADDED from src\main\AndroidManifest.xml:16:5-74
	android:name
		ADDED from src\main\AndroidManifest.xml:16:22-72
uses-permission#android.permission.WAKE_LOCK
ADDED from src\main\AndroidManifest.xml:17:5-67
	android:name
		ADDED from src\main\AndroidManifest.xml:17:22-65
uses-permission#android.permission.CHANGE_WIFI_STATE
ADDED from src\main\AndroidManifest.xml:18:5-75
	android:name
		ADDED from src\main\AndroidManifest.xml:18:22-73
uses-feature#android.hardware.type.watch
ADDED from src\main\AndroidManifest.xml:20:2-60
	android:name
		ADDED from src\main\AndroidManifest.xml:20:16-58
application
ADDED from src\main\AndroidManifest.xml:22:5-105:19
	android:label
		ADDED from src\main\AndroidManifest.xml:25:9-41
	android:allowBackup
		ADDED from src\main\AndroidManifest.xml:23:9-35
	android:icon
		ADDED from src\main\AndroidManifest.xml:24:9-38
	android:theme
		ADDED from src\main\AndroidManifest.xml:26:9-40
meta-data#com.google.android.wearable.standalone
ADDED from src\main\AndroidManifest.xml:28:3-30:27
	android:value
		ADDED from src\main\AndroidManifest.xml:30:4-24
	android:name
		ADDED from src\main\AndroidManifest.xml:29:4-57
activity#com.stl.wristNotes.MainActivity
ADDED from src\main\AndroidManifest.xml:32:9-44:20
	android:launchMode
		ADDED from src\main\AndroidManifest.xml:34:4-35
	android:name
		ADDED from src\main\AndroidManifest.xml:33:13-59
intent-filter#android.intent.action.MAIN+android.intent.category.LAUNCHER
ADDED from src\main\AndroidManifest.xml:35:13-38:29
action#android.intent.action.MAIN
ADDED from src\main\AndroidManifest.xml:36:17-69
	android:name
		ADDED from src\main\AndroidManifest.xml:36:25-66
category#android.intent.category.LAUNCHER
ADDED from src\main\AndroidManifest.xml:37:17-77
	android:name
		ADDED from src\main\AndroidManifest.xml:37:27-74
intent-filter#android.intent.action.VIEW+android.intent.category.DEFAULT
ADDED from src\main\AndroidManifest.xml:39:4-43:29
action#android.intent.action.VIEW
ADDED from src\main\AndroidManifest.xml:40:21-80
	android:name
		ADDED from src\main\AndroidManifest.xml:40:29-70
category#android.intent.category.DEFAULT
ADDED from src\main\AndroidManifest.xml:41:17-85
	android:name
		ADDED from src\main\AndroidManifest.xml:41:27-73
data
ADDED from src\main\AndroidManifest.xml:42:17-60
	android:mimeType
		ADDED from src\main\AndroidManifest.xml:42:23-52
activity#com.stl.wristNotes.menuAct
ADDED from src\main\AndroidManifest.xml:46:3-48:14
	android:name
		ADDED from src\main\AndroidManifest.xml:47:4-45
activity#com.stl.wristNotes.helpAct
ADDED from src\main\AndroidManifest.xml:50:3-52:14
	android:name
		ADDED from src\main\AndroidManifest.xml:51:4-45
activity#com.stl.wristNotes.passwordAct
ADDED from src\main\AndroidManifest.xml:54:3-56:14
	android:name
		ADDED from src\main\AndroidManifest.xml:55:4-49
activity#com.stl.wristNotes.fileselectAct
ADDED from src\main\AndroidManifest.xml:58:3-60:14
	android:name
		ADDED from src\main\AndroidManifest.xml:59:4-51
activity#com.stl.wristNotes.startAct
ADDED from src\main\AndroidManifest.xml:62:3-64:14
	android:name
		ADDED from src\main\AndroidManifest.xml:63:4-46
activity#com.stl.wristNotes.inputAct
ADDED from src\main\AndroidManifest.xml:66:3-68:14
	android:name
		ADDED from src\main\AndroidManifest.xml:67:4-46
activity#com.stl.wristNotes.seekbarAct
ADDED from src\main\AndroidManifest.xml:70:3-72:14
	android:name
		ADDED from src\main\AndroidManifest.xml:71:4-48
activity#com.stl.wristNotes.editfileAct
ADDED from src\main\AndroidManifest.xml:74:3-76:14
	android:name
		ADDED from src\main\AndroidManifest.xml:75:4-49
activity#com.stl.wristNotes.filetodoAct
ADDED from src\main\AndroidManifest.xml:78:3-80:14
	android:name
		ADDED from src\main\AndroidManifest.xml:79:4-49
activity#com.stl.wristNotes.aboutAct
ADDED from src\main\AndroidManifest.xml:82:3-84:14
	android:name
		ADDED from src\main\AndroidManifest.xml:83:4-46
activity#com.stl.wristNotes.settileAct
ADDED from src\main\AndroidManifest.xml:86:3-88:14
	android:name
		ADDED from src\main\AndroidManifest.xml:87:4-48
activity#com.stl.wristNotes.donationAct
ADDED from src\main\AndroidManifest.xml:90:3-92:14
	android:name
		ADDED from src\main\AndroidManifest.xml:91:4-49
activity#com.stl.wristNotes.updated
ADDED from src\main\AndroidManifest.xml:94:3-96:14
	android:name
		ADDED from src\main\AndroidManifest.xml:95:4-45
activity#com.stl.wristNotes.ftpAct
ADDED from src\main\AndroidManifest.xml:98:3-100:14
	android:name
		ADDED from src\main\AndroidManifest.xml:99:4-44
activity#com.stl.wristNotes.novelAct
ADDED from src\main\AndroidManifest.xml:102:3-104:14
	android:name
		ADDED from src\main\AndroidManifest.xml:103:4-46
uses-sdk
INJECTED from src\main\AndroidManifest.xml reason: use-sdk injection requested
	android:targetSdkVersion
		INJECTED from src\main\AndroidManifest.xml
		INJECTED from src\main\AndroidManifest.xml
	android:minSdkVersion
		INJECTED from src\main\AndroidManifest.xml
		INJECTED from src\main\AndroidManifest.xml